#
# There is insufficient memory for the Java Runtime Environment to continue.
# Native memory allocation (mmap) failed to map 132120576 bytes for G1 virtual space
# Possible reasons:
#   The system is out of physical RAM or swap space
#   The process is running with CompressedOops enabled, and the Java Heap may be blocking the growth of the native heap
# Possible solutions:
#   Reduce memory load on the system
#   Increase physical memory or swap space
#   Check if swap backing store is full
#   Decrease Java heap size (-Xmx/-Xms)
#   Decrease number of Java threads
#   Decrease Java thread stack sizes (-Xss)
#   Set larger code cache with -XX:ReservedCodeCacheSize=
#   JVM is running with Unscaled Compressed Oops mode in which the Java heap is
#     placed in the first 4GB address space. The Java Heap base address is the
#     maximum limit for the native heap growth. Please use -XX:HeapBaseMinAddress
#     to set the Java Heap base and to place the Java Heap above 4GB virtual address.
# This output file may be truncated or incomplete.
#
#  Out of Memory Error (os_windows.cpp:3760), pid=17696, tid=17784
#
# JRE version:  (17.0.5+1) (build )
# Java VM: OpenJDK 64-Bit Server VM (17.0.5+1-b653.14, mixed mode, sharing, tiered, compressed oops, compressed class ptrs, g1 gc, windows-amd64)
# No core dump will be written. Minidumps are not enabled by default on client versions of Windows
#

---------------  S U M M A R Y ------------

Command Line: git4idea.http.GitAskPassApp Username for 'https://github.com': 

Host: Intel(R) Core(TM) i5-10210U CPU @ 1.60GHz, 8 cores, 7G,  Windows 11 , 64 bit Build 22621 (10.0.22621.3958)
Time: Thu Aug 22 20:46:59 2024 RTZ 2 (s 11 , 64 bit Build 22621 (10.0.22621.3958) elapsed time: 0.016654 seconds (0d 0h 0m 0s)

---------------  T H R E A D  ---------------

Current thread (0x000002bbebf02940):  JavaThread "Unknown thread" [_thread_in_vm, id=17784, stack(0x000000f37f300000,0x000000f37f400000)]

Stack: [0x000000f37f300000,0x000000f37f400000]
Native frames: (J=compiled Java code, j=interpreted, Vv=VM code, C=native code)
V  [jvm.dll+0x6830ca]
V  [jvm.dll+0x83f4c4]
V  [jvm.dll+0x840c6e]
V  [jvm.dll+0x8412d3]
V  [jvm.dll+0x2490b5]
V  [jvm.dll+0x67ff99]
V  [jvm.dll+0x6744aa]
V  [jvm.dll+0x308f2b]
V  [jvm.dll+0x3103e6]
V  [jvm.dll+0x36013e]
V  [jvm.dll+0x36036f]
V  [jvm.dll+0x2df018]
V  [jvm.dll+0x2dff84]
V  [jvm.dll+0x810d91]
V  [jvm.dll+0x36df31]
V  [jvm.dll+0x7f028c]
V  [jvm.dll+0x3f0cbf]
V  [jvm.dll+0x3f2801]
C  [jli.dll+0x526b]
C  [ucrtbase.dll+0x29333]
C  [KERNEL32.DLL+0x1257d]
C  [ntdll.dll+0x5af28]


---------------  P R O C E S S  ---------------

Threads class SMR info:
_java_thread_list=0x00007ffa1d308f98, length=0, elements={
}

Java Threads: ( => current thread )

Other Threads:
  0x000002bbebf5b220 GCTaskThread "GC Thread#0" [stack: 0x000000f37f400000,0x000000f37f500000] [id=19828]
  0x000002bbebf6cc70 ConcurrentGCThread "G1 Main Marker" [stack: 0x000000f37f500000,0x000000f37f600000] [id=2132]
  0x000002bbebf6d680 ConcurrentGCThread "G1 Conc#0" [stack: 0x000000f37f600000,0x000000f37f700000] [id=18652]

[error occurred during error reporting (printing all threads), id 0xc0000005, EXCEPTION_ACCESS_VIOLATION (0xc0000005) at pc=0x00007ffa1cabfbd7]

VM state: not at safepoint (not fully initialized)

VM Mutex/Monitor currently owned by a thread:  ([mutex/lock_event])
[0x000002bbe9c2b6c0] Heap_lock - owner thread: 0x000002bbebf02940

Heap address: 0x0000000082800000, size: 2008 MB, Compressed Oops mode: 32-bit

CDS archive(s) mapped at: [0x0000000000000000-0x0000000000000000-0x0000000000000000), size 0, SharedBaseAddress: 0x0000000800000000, ArchiveRelocationMode: 0.
Narrow klass base: 0x0000000000000000, Narrow klass shift: 0, Narrow klass range: 0x0

GC Precious Log:
<Empty>

Heap:
 garbage-first heap   total 0K, used 0K [0x0000000082800000, 0x0000000100000000)
  region size 1024K, 0 young (0K), 0 survivors (0K)

[error occurred during error reporting (printing heap information), id 0xc0000005, EXCEPTION_ACCESS_VIOLATION (0xc0000005) at pc=0x00007ffa1ceacd59]

GC Heap History (0 events):
No events

Dll operation events (1 events):
Event: 0.011 Loaded shared library C:\Program Files\JetBrains\PyCharm Community Edition 2022.3\jbr\bin\java.dll

Deoptimization events (0 events):
No events

Classes unloaded (0 events):
No events

Classes redefined (0 events):
No events

Internal exceptions (0 events):
No events

VM Operations (0 events):
No events

Events (0 events):
No events


Dynamic libraries:
0x00007ff65cf10000 - 0x00007ff65cf1a000 	C:\Program Files\JetBrains\PyCharm Community Edition 2022.3\jbr\bin\java.exe
0x00007ffa78af0000 - 0x00007ffa78d07000 	C:\WINDOWS\SYSTEM32\ntdll.dll
0x00007ffa78540000 - 0x00007ffa78604000 	C:\WINDOWS\System32\KERNEL32.DLL
0x00007ffa76300000 - 0x00007ffa766ad000 	C:\WINDOWS\System32\KERNELBASE.dll
0x00007ffa75e40000 - 0x00007ffa75f51000 	C:\WINDOWS\System32\ucrtbase.dll
0x00007ffa54e50000 - 0x00007ffa54e6b000 	C:\Program Files\JetBrains\PyCharm Community Edition 2022.3\jbr\bin\VCRUNTIME140.dll
0x00007ffa3d3c0000 - 0x00007ffa3d3d7000 	C:\Program Files\JetBrains\PyCharm Community Edition 2022.3\jbr\bin\jli.dll
0x00007ffa76eb0000 - 0x00007ffa7705e000 	C:\WINDOWS\System32\USER32.dll
0x00007ffa5ee40000 - 0x00007ffa5f0d3000 	C:\WINDOWS\WinSxS\amd64_microsoft.windows.common-controls_6595b64144ccf1df_6.0.22621.3672_none_2713b9d173822955\COMCTL32.dll
0x00007ffa75e10000 - 0x00007ffa75e36000 	C:\WINDOWS\System32\win32u.dll
0x00007ffa76bb0000 - 0x00007ffa76c57000 	C:\WINDOWS\System32\msvcrt.dll
0x00007ffa778b0000 - 0x00007ffa778d9000 	C:\WINDOWS\System32\GDI32.dll
0x00007ffa76080000 - 0x00007ffa76199000 	C:\WINDOWS\System32\gdi32full.dll
0x00007ffa761a0000 - 0x00007ffa7623a000 	C:\WINDOWS\System32\msvcp_win.dll
0x00007ffa782d0000 - 0x00007ffa78301000 	C:\WINDOWS\System32\IMM32.DLL
0x00007ffa6b8b0000 - 0x00007ffa6b8bc000 	C:\Program Files\JetBrains\PyCharm Community Edition 2022.3\jbr\bin\vcruntime140_1.dll
0x00007ffa24f50000 - 0x00007ffa24fdd000 	C:\Program Files\JetBrains\PyCharm Community Edition 2022.3\jbr\bin\msvcp140.dll
0x00007ffa1c7d0000 - 0x00007ffa1d43b000 	C:\Program Files\JetBrains\PyCharm Community Edition 2022.3\jbr\bin\server\jvm.dll
0x00007ffa78150000 - 0x00007ffa78202000 	C:\WINDOWS\System32\ADVAPI32.dll
0x00007ffa768e0000 - 0x00007ffa76989000 	C:\WINDOWS\System32\sechost.dll
0x00007ffa76050000 - 0x00007ffa76078000 	C:\WINDOWS\System32\bcrypt.dll
0x00007ffa76a90000 - 0x00007ffa76ba4000 	C:\WINDOWS\System32\RPCRT4.dll
0x00007ffa72d50000 - 0x00007ffa72d84000 	C:\WINDOWS\SYSTEM32\WINMM.dll
0x00007ffa6b9c0000 - 0x00007ffa6b9ca000 	C:\WINDOWS\SYSTEM32\VERSION.dll
0x00007ff9efba0000 - 0x00007ff9efba9000 	C:\WINDOWS\SYSTEM32\WSOCK32.dll
0x00007ffa76cc0000 - 0x00007ffa76d31000 	C:\WINDOWS\System32\WS2_32.dll
0x00007ffa74de0000 - 0x00007ffa74df8000 	C:\WINDOWS\SYSTEM32\kernel.appcore.dll
0x00007ffa6a260000 - 0x00007ffa6a26a000 	C:\Program Files\JetBrains\PyCharm Community Edition 2022.3\jbr\bin\jimage.dll
0x00007ffa73370000 - 0x00007ffa735a2000 	C:\WINDOWS\SYSTEM32\DBGHELP.DLL
0x00007ffa771c0000 - 0x00007ffa7754d000 	C:\WINDOWS\System32\combase.dll
0x00007ffa77560000 - 0x00007ffa77637000 	C:\WINDOWS\System32\OLEAUT32.dll
0x00007ffa57fd0000 - 0x00007ffa58002000 	C:\WINDOWS\SYSTEM32\dbgcore.DLL
0x00007ffa75f60000 - 0x00007ffa75fdb000 	C:\WINDOWS\System32\bcryptPrimitives.dll
0x00007ffa69ee0000 - 0x00007ffa69f05000 	C:\Program Files\JetBrains\PyCharm Community Edition 2022.3\jbr\bin\java.dll

dbghelp: loaded successfully - version: 4.0.5 - missing functions: none
symbol engine: initialized successfully - sym options: 0x614 - pdb path: .;C:\Program Files\JetBrains\PyCharm Community Edition 2022.3\jbr\bin;C:\WINDOWS\SYSTEM32;C:\WINDOWS\WinSxS\amd64_microsoft.windows.common-controls_6595b64144ccf1df_6.0.22621.3672_none_2713b9d173822955;C:\Program Files\JetBrains\PyCharm Community Edition 2022.3\jbr\bin\server

VM Arguments:
java_command: git4idea.http.GitAskPassApp Username for 'https://github.com': 
java_class_path (initial): C:/Program Files/JetBrains/PyCharm Community Edition 2022.3/plugins/vcs-git/lib/git4idea-rt.jar;C:/Program Files/JetBrains/PyCharm Community Edition 2022.3/lib/externalProcess-rt.jar;C:/Program Files/JetBrains/PyCharm Community Edition 2022.3/lib/app.jar;C:/Program Files/JetBrains/PyCharm Community Edition 2022.3/lib/3rd-party-rt.jar
Launcher Type: SUN_STANDARD

[Global flags]
     intx CICompilerCount                          = 4                                         {product} {ergonomic}
     uint ConcGCThreads                            = 2                                         {product} {ergonomic}
     uint G1ConcRefinementThreads                  = 8                                         {product} {ergonomic}
   size_t G1HeapRegionSize                         = 1048576                                   {product} {ergonomic}
    uintx GCDrainStackTargetSize                   = 64                                        {product} {ergonomic}
   size_t InitialHeapSize                          = 132120576                                 {product} {ergonomic}
   size_t MarkStackSize                            = 4194304                                   {product} {ergonomic}
   size_t MaxHeapSize                              = 2105540608                                {product} {ergonomic}
   size_t MinHeapDeltaBytes                        = 1048576                                   {product} {ergonomic}
   size_t MinHeapSize                              = 8388608                                   {product} {ergonomic}
    uintx NonNMethodCodeHeapSize                   = 5839372                                {pd product} {ergonomic}
    uintx NonProfiledCodeHeapSize                  = 122909434                              {pd product} {ergonomic}
    uintx ProfiledCodeHeapSize                     = 122909434                              {pd product} {ergonomic}
    uintx ReservedCodeCacheSize                    = 251658240                              {pd product} {ergonomic}
     bool SegmentedCodeCache                       = true                                      {product} {ergonomic}
   size_t SoftMaxHeapSize                          = 2105540608                             {manageable} {ergonomic}
     bool UseCompressedClassPointers               = true                           {product lp64_product} {ergonomic}
     bool UseCompressedOops                        = true                           {product lp64_product} {ergonomic}
     bool UseG1GC                                  = true                                      {product} {ergonomic}
     bool UseLargePagesIndividualAllocation        = false                                  {pd product} {ergonomic}

Logging:
Log output configuration:
 #0: stdout all=warning uptime,level,tags
 #1: stderr all=off uptime,level,tags

Environment Variables:
PATH=C:/Program Files/Git/mingw64/libexec/git-core;C:/Program Files/Git/mingw64/libexec/git-core;C:\Program Files\Git\mingw64\bin;C:\Program Files\Git\usr\bin;C:\Users\Ramis\bin;C:\Program Files\Common Files\Oracle\Java\javapath;C:\WINDOWS\system32;C:\WINDOWS;C:\WINDOWS\System32\Wbem;C:\WINDOWS\System32\WindowsPowerShell\v1.0\;C:\WINDOWS\System32\OpenSSH\;C:\Program Files\Git\cmd;C:\Program Files\nodejs\;C:\Users\Ramis\Downloads\allure-2.28.0\allure-2.28.0\bin;C:\Program Files\PowerShell\7\;C:\Users\Ramis\AppData\Local\Programs\Python\Python312\Scripts\;C:\Users\Ramis\AppData\Local\Programs\Python\Python312\;E:\OSPanel\bin;C:\Program Files\MySQL\MySQL Shell 8.0\bin\;C:\Users\Ramis\AppData\Local\Microsoft\WindowsApps;C:\Users\Ramis\AppData\Local\Programs\Microsoft VS Code\bin;C:\Users\Ramis\AppData\Roaming\npm;D:\1.QA Delevoper\Python\allure-2.28.0\allure-2.28.0\bin
USERNAME=Ramis
DISPLAY=:0.0
LC_ALL=en_US.UTF-8
TERM=xterm-256color
TMPDIR=C:\Users\Ramis\AppData\Local\Temp
OS=Windows_NT
PROCESSOR_IDENTIFIER=Intel64 Family 6 Model 142 Stepping 12, GenuineIntel
TMP=C:\Users\Ramis\AppData\Local\Temp
TEMP=C:\Users\Ramis\AppData\Local\Temp



---------------  S Y S T E M  ---------------

OS:
 Windows 11 , 64 bit Build 22621 (10.0.22621.3958)
OS uptime: 0 days 11:35 hours

CPU: total 8 (initial active 8) (4 cores per cpu, 2 threads per core) family 6 model 142 stepping 12 microcode 0xde, cx8, cmov, fxsr, ht, mmx, 3dnowpref, sse, sse2, sse3, ssse3, sse4.1, sse4.2, popcnt, lzcnt, tsc, tscinvbit, avx, avx2, aes, erms, clmul, bmi1, bmi2, adx, fma, vzeroupper, clflush, clflushopt

Memory: 4k page, system-wide physical 8025M (599M free)
TotalPageFile size 14278M (AvailPageFile size 12M)
current process WorkingSet (physical memory assigned to process): 11M, peak: 11M
current process commit charge ("private bytes"): 60M, peak: 186M

vm_info: OpenJDK 64-Bit Server VM (17.0.5+1-b653.14) for windows-amd64 JRE (17.0.5+1-b653.14), built on 2022-11-10 by "builduser" with MS VC++ 16.10 / 16.11 (VS2019)

END.
